# JRE version: Java(TM) SE Runtime Environment (8.0_60-b27) (build 1.8.0_60-b27)
# Java VM: Java HotSpot(TM) 64-Bit Server VM (25.60-b23 mixed mode windows-amd64 compressed oops)
Heap:
 PSYoungGen      total 16896K, used 2228K [0x00000000edb00000, 0x00000000eed80000, 0x0000000100000000)
  eden space 14848K, 15% used [0x00000000edb00000,0x00000000edd2d180,0x00000000ee980000)
  from space 2048K, 0% used [0x00000000ee980000,0x00000000ee980000,0x00000000eeb80000)
  to   space 2048K, 0% used [0x00000000eeb80000,0x00000000eeb80000,0x00000000eed80000)
 ParOldGen       total 31744K, used 2293K [0x00000000c9000000, 0x00000000caf00000, 0x00000000edb00000)
  object space 31744K, 7% used [0x00000000c9000000,0x00000000c923d5f8,0x00000000caf00000)
 Metaspace       used 13910K, capacity 14168K, committed 14336K, reserved 1062912K
  class space    used 1888K, capacity 1964K, committed 2048K, reserved 1048576K
GC Heap History (4 events):
Event: 3.316 GC heap before
{Heap before GC invocations=1 (full 0):
 PSYoungGen      total 16896K, used 8912K [0x00000000edb00000, 0x00000000eed80000, 0x0000000100000000)
  eden space 14848K, 60% used [0x00000000edb00000,0x00000000ee3b41d0,0x00000000ee980000)
  from space 2048K, 0% used [0x00000000eeb80000,0x00000000eeb80000,0x00000000eed80000)
  to   space 2048K, 0% used [0x00000000ee980000,0x00000000ee980000,0x00000000eeb80000)
 ParOldGen       total 38400K, used 0K [0x00000000c9000000, 0x00000000cb580000, 0x00000000edb00000)
  object space 38400K, 0% used [0x00000000c9000000,0x00000000c9000000,0x00000000cb580000)
 Metaspace       used 13424K, capacity 13620K, committed 13824K, reserved 1064960K
  class space    used 1857K, capacity 1932K, committed 2048K, reserved 1048576K
Event: 3.324 GC heap after
Heap after GC invocations=1 (full 0):
 PSYoungGen      total 16896K, used 2048K [0x00000000edb00000, 0x00000000eed80000, 0x0000000100000000)
  eden space 14848K, 0% used [0x00000000edb00000,0x00000000edb00000,0x00000000ee980000)
  from space 2048K, 100% used [0x00000000ee980000,0x00000000eeb80000,0x00000000eeb80000)
  to   space 2048K, 0% used [0x00000000eeb80000,0x00000000eeb80000,0x00000000eed80000)
 ParOldGen       total 38400K, used 280K [0x00000000c9000000, 0x00000000cb580000, 0x00000000edb00000)
  object space 38400K, 0% used [0x00000000c9000000,0x00000000c9046018,0x00000000cb580000)
 Metaspace       used 13424K, capacity 13620K, committed 13824K, reserved 1064960K
  class space    used 1857K, capacity 1932K, committed 2048K, reserved 1048576K
}
Event: 3.324 GC heap before
{Heap before GC invocations=2 (full 1):
 PSYoungGen      total 16896K, used 2048K [0x00000000edb00000, 0x00000000eed80000, 0x0000000100000000)
  eden space 14848K, 0% used [0x00000000edb00000,0x00000000edb00000,0x00000000ee980000)
  from space 2048K, 100% used [0x00000000ee980000,0x00000000eeb80000,0x00000000eeb80000)
  to   space 2048K, 0% used [0x00000000eeb80000,0x00000000eeb80000,0x00000000eed80000)
 ParOldGen       total 38400K, used 280K [0x00000000c9000000, 0x00000000cb580000, 0x00000000edb00000)
  object space 38400K, 0% used [0x00000000c9000000,0x00000000c9046018,0x00000000cb580000)
 Metaspace       used 13424K, capacity 13620K, committed 13824K, reserved 1064960K
  class space    used 1857K, capacity 1932K, committed 2048K, reserved 1048576K
Event: 3.415 GC heap after
Heap after GC invocations=2 (full 1):
 PSYoungGen      total 16896K, used 0K [0x00000000edb00000, 0x00000000eed80000, 0x0000000100000000)
  eden space 14848K, 0% used [0x00000000edb00000,0x00000000edb00000,0x00000000ee980000)
  from space 2048K, 0% used [0x00000000ee980000,0x00000000ee980000,0x00000000eeb80000)
  to   space 2048K, 0% used [0x00000000eeb80000,0x00000000eeb80000,0x00000000eed80000)
 ParOldGen       total 31744K, used 2293K [0x00000000c9000000, 0x00000000caf00000, 0x00000000edb00000)
  object space 31744K, 7% used [0x00000000c9000000,0x00000000c923d5f8,0x00000000caf00000)
 Metaspace       used 13424K, capacity 13620K, committed 13824K, reserved 1062912K
  class space    used 1857K, capacity 1932K, committed 2048K, reserved 1048576K
}

